# Master Bot Log File
# Device IP: 192.168.1.1
# Device MAC: a019b2d27afa
# Created: 2025-09-09 03:07:17
# Log File: a019b2d27afa_20250909_030710.log

[2025-09-09 03:07:17] [SUCCESS] Created log file: a019b2d27afa_20250909_030710.log
[2025-09-09 03:07:17] [INFO] Log file created (waiting 1s)
[2025-09-09 03:07:18] [INFO] Step 4: Running Script No. 1 (Network Configuration)
[2025-09-09 03:07:18] [INFO] Running script_no1.py - Network Configuration and Reboot
[2025-09-09 03:07:18] [INFO] Output will be logged to a019b2d27afa_20250909_030710.log

============================================================
Starting script_no1.py at 2025-09-09 03:07:18
============================================================
Script No. 1: Network Configuration and Reboot
==============================================
This script will:
1. Configure WAN interface for DHCP internet access
2. Configure LAN interface for static local network
3. Apply network configuration changes
4. Check WAN DHCP IP and test internet connectivity
5. Reboot device to enable WAN internet access

[2025-09-09 03:07:18] [INFO] ============================================================
[2025-09-09 03:07:18] [INFO] SCRIPT NO. 1: NETWORK CONFIGURATION AND REBOOT
[2025-09-09 03:07:18] [INFO] ============================================================
[2025-09-09 03:07:18] [INFO] Target device: 192.168.1.1
[2025-09-09 03:07:18] [INFO] Username: admin
[2025-09-09 03:07:18] [INFO] Password: *****
[2025-09-09 03:07:18] [INFO] Step 1: Connecting to 192.168.1.1 via SSH
[2025-09-09 03:07:19] [SUCCESS] SSH connection established to 192.168.1.1
[2025-09-09 03:07:19] [INFO] Step 2: Creating backup of current configuration
[2025-09-09 03:07:19] [SUCCESS] Backup created successfully
[2025-09-09 03:07:19] [INFO] Step 3: Configuring network settings
[2025-09-09 03:07:19] [INFO] Configuring network settings on 192.168.1.1
[2025-09-09 03:07:19] [INFO] [192.168.1.1] Configuring WAN interface (eth0)...
[2025-09-09 03:07:19] [INFO] [192.168.1.1] Executing: sudo uci set network.wan.proto='dhcp' 2>/dev/null || echo 'WAN protocol already set'
[2025-09-09 03:07:19] [SUCCESS] [192.168.1.1] Command successful: sudo uci set network.wan.proto='dhcp' 2>/dev/null || echo 'WAN protocol already set'
[2025-09-09 03:07:19] [INFO] [192.168.1.1] Executing: sudo uci set network.wan.ifname='eth0' 2>/dev/null || echo 'WAN interface already set'
[2025-09-09 03:07:19] [SUCCESS] [192.168.1.1] Command successful: sudo uci set network.wan.ifname='eth0' 2>/dev/null || echo 'WAN interface already set'
[2025-09-09 03:07:19] [INFO] [192.168.1.1] Executing: sudo uci set network.wan.mtu=1500 2>/dev/null || echo 'WAN MTU already set'
[2025-09-09 03:07:19] [SUCCESS] [192.168.1.1] Command successful: sudo uci set network.wan.mtu=1500 2>/dev/null || echo 'WAN MTU already set'
[2025-09-09 03:07:19] [INFO] [192.168.1.1] Waiting 3 seconds for WAN interface to settle...
[2025-09-09 03:07:22] [INFO] [192.168.1.1] Configuring LAN interface (eth1)...
[2025-09-09 03:07:22] [INFO] [192.168.1.1] Executing: sudo uci set network.lan.proto='dhcp' 2>/dev/null || echo 'LAN protocol already set'
[2025-09-09 03:07:23] [SUCCESS] [192.168.1.1] Command successful: sudo uci set network.lan.proto='dhcp' 2>/dev/null || echo 'LAN protocol already set'
[2025-09-09 03:07:23] [INFO] [192.168.1.1] Executing: sudo uci set network.lan.ifname='eth1' 2>/dev/null || echo 'LAN interface already set'
[2025-09-09 03:07:23] [SUCCESS] [192.168.1.1] Command successful: sudo uci set network.lan.ifname='eth1' 2>/dev/null || echo 'LAN interface already set'
[2025-09-09 03:07:23] [INFO] [192.168.1.1] Waiting 3 seconds for LAN interface to settle...
[2025-09-09 03:07:26] [INFO] [192.168.1.1] Committing network configuration...
[2025-09-09 03:07:26] [INFO] [192.168.1.1] Executing: sudo uci commit network
[2025-09-09 03:07:26] [SUCCESS] [192.168.1.1] UCI commit successful: sudo uci commit network
[2025-09-09 03:07:26] [INFO] [192.168.1.1] Waiting 2 seconds after commit...
[2025-09-09 03:07:28] [INFO] [192.168.1.1] Verifying network configuration...
[2025-09-09 03:07:28] [INFO] [192.168.1.1] Current network configuration:
[2025-09-09 03:07:28] [INFO] [192.168.1.1]   network.lan.proto='dhcp'
[2025-09-09 03:07:28] [INFO] [192.168.1.1]   network.lan.ifname='eth1'
[2025-09-09 03:07:28] [INFO] [192.168.1.1]   network.wan.proto='dhcp'
[2025-09-09 03:07:28] [INFO] [192.168.1.1]   network.wan.ifname='eth0'
[2025-09-09 03:07:28] [INFO] [192.168.1.1] Reloading network configuration...
[2025-09-09 03:07:28] [INFO] [192.168.1.1] Executing: sudo /etc/init.d/network reload 2>/dev/null || sudo /etc/init.d/network restart 2>/dev/null || echo 'Network service restart failed'
[2025-09-09 03:07:28] [SUCCESS] [192.168.1.1] Command successful: sudo /etc/init.d/network reload 2>/dev/null || sudo /etc/init.d/network restart 2>/dev/null || echo 'Network service restart failed'
[2025-09-09 03:07:28] [SUCCESS] Network configuration completed on 192.168.1.1
[2025-09-09 03:07:28] [INFO] Step 4: Checking WAN DHCP IP and internet connectivity
[2025-09-09 03:07:28] [INFO] Checking WAN DHCP IP and internet connectivity on 192.168.1.1
[2025-09-09 03:07:28] [INFO] Waiting 10 seconds for DHCP to get IP address...
[2025-09-09 03:07:38] [INFO] Checking WAN interface (eth0) IP address...
[2025-09-09 03:07:38] [WARNING] WAN interface (eth0) has no IP address
[2025-09-09 03:07:38] [WARNING] DHCP may need more time or there might be a network issue
[2025-09-09 03:07:38] [WARNING] WAN DHCP check failed - no IP address received
[2025-09-09 03:07:38] [INFO] Proceeding with reboot anyway - IP might be assigned after reboot
[2025-09-09 03:07:38] [INFO] Step 5: Rebooting device to apply network configuration
[2025-09-09 03:07:38] [INFO] Rebooting device 192.168.1.1 to apply network configuration
[2025-09-09 03:07:40] [SUCCESS] Reboot command sent to 192.168.1.1
[2025-09-09 03:07:40] [INFO] Step 6: Waiting for device to come back online
[2025-09-09 03:07:40] [INFO] Waiting for 192.168.1.1 to come back online after reboot...
[2025-09-09 03:07:40] [SUCCESS] Device 192.168.1.1 is back online
[2025-09-09 03:07:40] [INFO] ============================================================
[2025-09-09 03:07:40] [SUCCESS] SCRIPT NO. 1 COMPLETED SUCCESSFULLY!
[2025-09-09 03:07:40] [INFO] ============================================================
[2025-09-09 03:07:40] [INFO] Network configuration applied and device rebooted
[2025-09-09 03:07:40] [INFO] WAN internet access should now be enabled
[2025-09-09 03:07:40] [INFO] Device is ready for Script No. 2 (Infrastructure Deployment)

✅ Script No. 1 completed successfully!
🚀 Ready to run Script No. 2 (Infrastructure Deployment)
[2025-09-09 03:07:40] [SUCCESS] Script script_no1.py completed successfully

============================================================
Script script_no1.py completed with return code: 0
Completed at: 2025-09-09 03:07:40
============================================================

[2025-09-09 03:07:40] [INFO] Script No. 1 completed (waiting 2s)
[2025-09-09 03:07:42] [INFO] Preparing for Script No. 2 (waiting 5s)
[2025-09-09 03:07:47] [INFO] Step 5: Running Script No. 2 (Connectivity Verification)
[2025-09-09 03:07:47] [INFO] Running script_no2.py - WAN Internet Connectivity Verification
[2025-09-09 03:07:47] [INFO] Output will be logged to a019b2d27afa_20250909_030710.log

============================================================
Starting script_no2.py at 2025-09-09 03:07:47
============================================================
Script No. 2: WAN Internet Connection Verification
==================================================
This script will:
1. SSH login to the device
2. Check WAN interface status
3. Verify network routes
4. Check network services
5. Test internet connectivity
6. Logout and prepare for Script No. 3

[2025-09-09 03:07:47] [INFO] ============================================================
[2025-09-09 03:07:47] [INFO] SCRIPT NO. 2: WAN INTERNET CONNECTION VERIFICATION
[2025-09-09 03:07:47] [INFO] ============================================================
[2025-09-09 03:07:47] [INFO] Target device: 192.168.1.1
[2025-09-09 03:07:47] [INFO] Username: admin
[2025-09-09 03:07:47] [INFO] Password: *****
[2025-09-09 03:07:47] [INFO] Step 1: Connecting to 192.168.1.1 via SSH
[2025-09-09 03:07:48] [SUCCESS] SSH connection established to 192.168.1.1
[2025-09-09 03:07:48] [INFO] Step 2: Checking WAN interface status
[2025-09-09 03:07:48] [INFO] Checking WAN interface status on 192.168.1.1
[2025-09-09 03:07:48] [WARNING] WAN interface (eth0) has no IP address
[2025-09-09 03:07:48] [INFO] Step 3: Checking network routes
[2025-09-09 03:07:48] [INFO] Checking network routes on 192.168.1.1
[2025-09-09 03:07:48] [WARNING] No default routes found
[2025-09-09 03:07:48] [INFO] Step 4: Checking network services
[2025-09-09 03:07:48] [INFO] Checking network services on 192.168.1.1
[2025-09-09 03:07:48] [SUCCESS] Network: Network interfaces OK
[2025-09-09 03:07:48] [SUCCESS] DHCP Client: DHCP client not running
[2025-09-09 03:07:48] [INFO] Step 5: Checking internet connectivity
[2025-09-09 03:07:48] [INFO] Checking internet connectivity from 192.168.1.1
[2025-09-09 03:07:48] [INFO] Running DNS Resolution test...
[2025-09-09 03:07:48] [WARNING] DNS Resolution: DNS FAILED
[2025-09-09 03:07:48] [INFO] Running Ping Google DNS test...
[2025-09-09 03:07:48] [WARNING] Ping Google DNS: PING FAILED
[2025-09-09 03:07:48] [INFO] Running Ping Google test...
[2025-09-09 03:07:48] [WARNING] Ping Google: PING FAILED
[2025-09-09 03:07:48] [INFO] Running HTTP Test test...
[2025-09-09 03:07:48] [WARNING] HTTP Test: HTTP FAILED
[2025-09-09 03:07:48] [INFO] Step 6: Closing SSH connection
[2025-09-09 03:07:48] [SUCCESS] SSH connection closed
[2025-09-09 03:07:48] [INFO] ============================================================
[2025-09-09 03:07:48] [INFO] VERIFICATION RESULTS:
[2025-09-09 03:07:48] [INFO]   WAN Interface: ❌ FAILED
[2025-09-09 03:07:48] [INFO]   Network Routes: ❌ FAILED
[2025-09-09 03:07:48] [INFO]   Network Services: ✅ OK
[2025-09-09 03:07:48] [INFO]   Internet Connectivity: ❌ FAILED
[2025-09-09 03:07:48] [INFO] ============================================================
[2025-09-09 03:07:48] [WARNING] SCRIPT NO. 2 COMPLETED WITH WARNINGS
[2025-09-09 03:07:48] [INFO] ============================================================
[2025-09-09 03:07:48] [INFO] Some connectivity checks failed, but device may still be functional
[2025-09-09 03:07:48] [INFO] Proceed with caution to Script No. 3

✅ Script No. 2 completed successfully!
🚀 Ready to run Script No. 3 (Infrastructure Deployment)
[2025-09-09 03:07:48] [SUCCESS] Script script_no2.py completed successfully

============================================================
Script script_no2.py completed with return code: 0
Completed at: 2025-09-09 03:07:48
============================================================

[2025-09-09 03:07:48] [INFO] Checking internet connectivity after Script No. 2
[2025-09-09 03:07:48] [WARNING] No internet connectivity detected. Retry 1/3
[2025-09-09 03:07:48] [INFO] Reloading network configuration before retry...
[2025-09-09 03:07:48] [INFO] Reloading network configuration on target device
[2025-09-09 03:07:49] [INFO] Executing: sudo /etc/init.d/network reload
[2025-09-09 03:07:49] [SUCCESS] Command successful: sudo /etc/init.d/network reload
[2025-09-09 03:07:49] [INFO] Executing: sudo /etc/init.d/network restart
[2025-09-09 03:07:49] [SUCCESS] Command successful: sudo /etc/init.d/network restart
[2025-09-09 03:07:49] [SUCCESS] Network configuration reload completed
[2025-09-09 03:07:49] [INFO] Network configuration reloaded. Waiting 10 seconds before retry...
[2025-09-09 03:07:59] [INFO] Script No. 2 completed (waiting 2s)
[2025-09-09 03:08:01] [INFO] Retry attempt 1 for Script No. 2
[2025-09-09 03:08:01] [INFO] Running script_no2.py - WAN Internet Connectivity Verification
[2025-09-09 03:08:01] [INFO] Output will be logged to a019b2d27afa_20250909_030710.log

============================================================
Starting script_no2.py at 2025-09-09 03:08:01
============================================================
Script No. 2: WAN Internet Connection Verification
==================================================
This script will:
1. SSH login to the device
2. Check WAN interface status
3. Verify network routes
4. Check network services
5. Test internet connectivity
6. Logout and prepare for Script No. 3

[2025-09-09 03:08:02] [INFO] ============================================================
[2025-09-09 03:08:02] [INFO] SCRIPT NO. 2: WAN INTERNET CONNECTION VERIFICATION
[2025-09-09 03:08:02] [INFO] ============================================================
[2025-09-09 03:08:02] [INFO] Target device: 192.168.1.1
[2025-09-09 03:08:02] [INFO] Username: admin
[2025-09-09 03:08:02] [INFO] Password: *****
[2025-09-09 03:08:02] [INFO] Step 1: Connecting to 192.168.1.1 via SSH
[2025-09-09 03:08:02] [SUCCESS] SSH connection established to 192.168.1.1
[2025-09-09 03:08:02] [INFO] Step 2: Checking WAN interface status
[2025-09-09 03:08:02] [INFO] Checking WAN interface status on 192.168.1.1
[2025-09-09 03:08:02] [WARNING] WAN interface (eth0) has no IP address
[2025-09-09 03:08:02] [INFO] Step 3: Checking network routes
[2025-09-09 03:08:02] [INFO] Checking network routes on 192.168.1.1
[2025-09-09 03:08:02] [WARNING] No default routes found
[2025-09-09 03:08:02] [INFO] Step 4: Checking network services
[2025-09-09 03:08:02] [INFO] Checking network services on 192.168.1.1
[2025-09-09 03:08:02] [SUCCESS] Network: Network interfaces OK
[2025-09-09 03:08:02] [SUCCESS] DHCP Client: DHCP client not running
[2025-09-09 03:08:02] [INFO] Step 5: Checking internet connectivity
[2025-09-09 03:08:02] [INFO] Checking internet connectivity from 192.168.1.1
[2025-09-09 03:08:02] [INFO] Running DNS Resolution test...
[2025-09-09 03:08:02] [WARNING] DNS Resolution: DNS FAILED
[2025-09-09 03:08:02] [INFO] Running Ping Google DNS test...
[2025-09-09 03:08:03] [WARNING] Ping Google DNS: PING FAILED
[2025-09-09 03:08:03] [INFO] Running Ping Google test...
[2025-09-09 03:08:03] [WARNING] Ping Google: PING FAILED
[2025-09-09 03:08:03] [INFO] Running HTTP Test test...
[2025-09-09 03:08:03] [WARNING] HTTP Test: HTTP FAILED
[2025-09-09 03:08:03] [INFO] Step 6: Closing SSH connection
[2025-09-09 03:08:03] [SUCCESS] SSH connection closed
[2025-09-09 03:08:03] [INFO] ============================================================
[2025-09-09 03:08:03] [INFO] VERIFICATION RESULTS:
[2025-09-09 03:08:03] [INFO]   WAN Interface: ❌ FAILED
[2025-09-09 03:08:03] [INFO]   Network Routes: ❌ FAILED
[2025-09-09 03:08:03] [INFO]   Network Services: ✅ OK
[2025-09-09 03:08:03] [INFO]   Internet Connectivity: ❌ FAILED
[2025-09-09 03:08:03] [INFO] ============================================================
[2025-09-09 03:08:03] [WARNING] SCRIPT NO. 2 COMPLETED WITH WARNINGS
[2025-09-09 03:08:03] [INFO] ============================================================
[2025-09-09 03:08:03] [INFO] Some connectivity checks failed, but device may still be functional
[2025-09-09 03:08:03] [INFO] Proceed with caution to Script No. 3

✅ Script No. 2 completed successfully!
🚀 Ready to run Script No. 3 (Infrastructure Deployment)
[2025-09-09 03:08:03] [SUCCESS] Script script_no2.py completed successfully

============================================================
Script script_no2.py completed with return code: 0
Completed at: 2025-09-09 03:08:03
============================================================

[2025-09-09 03:08:03] [INFO] Checking internet connectivity after Script No. 2
[2025-09-09 03:08:03] [WARNING] No internet connectivity detected. Retry 2/3
[2025-09-09 03:08:03] [INFO] Reloading network configuration before retry...
[2025-09-09 03:08:03] [INFO] Reloading network configuration on target device
[2025-09-09 03:08:03] [INFO] Executing: sudo /etc/init.d/network reload
[2025-09-09 03:08:03] [SUCCESS] Command successful: sudo /etc/init.d/network reload
[2025-09-09 03:08:03] [INFO] Executing: sudo /etc/init.d/network restart
[2025-09-09 03:08:04] [SUCCESS] Command successful: sudo /etc/init.d/network restart
[2025-09-09 03:08:04] [SUCCESS] Network configuration reload completed
[2025-09-09 03:08:04] [INFO] Network configuration reloaded. Waiting 10 seconds before retry...
[2025-09-09 03:08:14] [INFO] Script No. 2 completed (waiting 2s)
[2025-09-09 03:08:16] [INFO] Retry attempt 2 for Script No. 2
[2025-09-09 03:08:16] [INFO] Running script_no2.py - WAN Internet Connectivity Verification
[2025-09-09 03:08:16] [INFO] Output will be logged to a019b2d27afa_20250909_030710.log

============================================================
Starting script_no2.py at 2025-09-09 03:08:16
============================================================
Script No. 2: WAN Internet Connection Verification
==================================================
This script will:
1. SSH login to the device
2. Check WAN interface status
3. Verify network routes
4. Check network services
5. Test internet connectivity
6. Logout and prepare for Script No. 3

[2025-09-09 03:08:16] [INFO] ============================================================
[2025-09-09 03:08:16] [INFO] SCRIPT NO. 2: WAN INTERNET CONNECTION VERIFICATION
[2025-09-09 03:08:16] [INFO] ============================================================
[2025-09-09 03:08:16] [INFO] Target device: 192.168.1.1
[2025-09-09 03:08:16] [INFO] Username: admin
[2025-09-09 03:08:16] [INFO] Password: *****
[2025-09-09 03:08:16] [INFO] Step 1: Connecting to 192.168.1.1 via SSH
[2025-09-09 03:08:16] [SUCCESS] SSH connection established to 192.168.1.1
[2025-09-09 03:08:16] [INFO] Step 2: Checking WAN interface status
[2025-09-09 03:08:16] [INFO] Checking WAN interface status on 192.168.1.1
[2025-09-09 03:08:17] [WARNING] WAN interface (eth0) has no IP address
[2025-09-09 03:08:17] [INFO] Step 3: Checking network routes
[2025-09-09 03:08:17] [INFO] Checking network routes on 192.168.1.1
[2025-09-09 03:08:17] [WARNING] No default routes found
[2025-09-09 03:08:17] [INFO] Step 4: Checking network services
[2025-09-09 03:08:17] [INFO] Checking network services on 192.168.1.1
[2025-09-09 03:08:17] [SUCCESS] Network: Network interfaces OK
[2025-09-09 03:08:17] [SUCCESS] DHCP Client: DHCP client not running
[2025-09-09 03:08:17] [INFO] Step 5: Checking internet connectivity
[2025-09-09 03:08:17] [INFO] Checking internet connectivity from 192.168.1.1
[2025-09-09 03:08:17] [INFO] Running DNS Resolution test...
[2025-09-09 03:08:17] [WARNING] DNS Resolution: DNS FAILED
[2025-09-09 03:08:17] [INFO] Running Ping Google DNS test...
[2025-09-09 03:08:17] [WARNING] Ping Google DNS: PING FAILED
[2025-09-09 03:08:17] [INFO] Running Ping Google test...
[2025-09-09 03:08:17] [WARNING] Ping Google: PING FAILED
[2025-09-09 03:08:17] [INFO] Running HTTP Test test...
[2025-09-09 03:08:17] [WARNING] HTTP Test: HTTP FAILED
[2025-09-09 03:08:17] [INFO] Step 6: Closing SSH connection
[2025-09-09 03:08:17] [SUCCESS] SSH connection closed
[2025-09-09 03:08:17] [INFO] ============================================================
[2025-09-09 03:08:17] [INFO] VERIFICATION RESULTS:
[2025-09-09 03:08:17] [INFO]   WAN Interface: ❌ FAILED
[2025-09-09 03:08:17] [INFO]   Network Routes: ❌ FAILED
[2025-09-09 03:08:17] [INFO]   Network Services: ✅ OK
[2025-09-09 03:08:17] [INFO]   Internet Connectivity: ❌ FAILED
[2025-09-09 03:08:17] [INFO] ============================================================
[2025-09-09 03:08:17] [WARNING] SCRIPT NO. 2 COMPLETED WITH WARNINGS
[2025-09-09 03:08:17] [INFO] ============================================================
[2025-09-09 03:08:17] [INFO] Some connectivity checks failed, but device may still be functional
[2025-09-09 03:08:17] [INFO] Proceed with caution to Script No. 3

✅ Script No. 2 completed successfully!
🚀 Ready to run Script No. 3 (Infrastructure Deployment)
[2025-09-09 03:08:17] [SUCCESS] Script script_no2.py completed successfully

============================================================
Script script_no2.py completed with return code: 0
Completed at: 2025-09-09 03:08:17
============================================================

[2025-09-09 03:08:17] [INFO] Checking internet connectivity after Script No. 2
[2025-09-09 03:08:17] [ERROR] Maximum retries reached for Script No. 2. Internet connectivity not available.
[2025-09-09 03:08:17] [ERROR] Cannot proceed to Script No. 3 without internet connectivity.
